<?xml version="1.0" encoding="UTF-8"?>
<!-- Generated by org.testng.reporters.JUnitReportReporter -->
<testsuite skipped="0" hostname="DESKTOP-ESGJ9GD" name="test.ListItemsTest" tests="3" failures="0" timestamp="2023-05-31T16:04:16 EDT" time="13.917" errors="0">
  <testcase name="validateAddCategoryItemIsVisibleOrNot" time="3.540" classname="test.ListItemsTest"/>
  <system-out/>
  <testcase name="validateCategoryCannotBeDuplicated" time="6.157" classname="test.ListItemsTest"/>
  <system-out/>
  <testcase name="validateMonthDropDownOptions" time="4.220" classname="test.ListItemsTest"/>
  <system-out/>
</testsuite> <!-- test.ListItemsTest -->
