<?xml version="1.0" encoding="UTF-8"?>
<!-- Generated by org.testng.reporters.JUnitReportReporter -->
<testsuite skipped="0" hostname="DESKTOP-ESGJ9GD" name="test.ListItemPage" tests="1" failures="0" timestamp="2023-05-30T17:55:38 EDT" time="3.084" errors="0">
  <testcase name="validateAddCategoryItemIsVisibleOrNot" time="3.084" classname="test.ListItemPage"/>
  <system-out/>
</testsuite> <!-- test.ListItemPage -->
